mode: set
github.com/raymondchr/go-hotel-app/internal/render/render.go:21.40,23.2 1 1
github.com/raymondchr/go-hotel-app/internal/render/render.go:25.84,31.2 5 1
github.com/raymondchr/go-hotel-app/internal/render/render.go:33.105,37.18 2 1
github.com/raymondchr/go-hotel-app/internal/render/render.go:44.2,45.9 2 1
github.com/raymondchr/go-hotel-app/internal/render/render.go:51.2,56.16 4 1
github.com/raymondchr/go-hotel-app/internal/render/render.go:63.2,64.16 2 1
github.com/raymondchr/go-hotel-app/internal/render/render.go:69.2,69.12 1 1
github.com/raymondchr/go-hotel-app/internal/render/render.go:37.18,39.3 1 0
github.com/raymondchr/go-hotel-app/internal/render/render.go:39.8,41.3 1 1
github.com/raymondchr/go-hotel-app/internal/render/render.go:45.9,49.3 2 0
github.com/raymondchr/go-hotel-app/internal/render/render.go:56.16,59.3 2 0
github.com/raymondchr/go-hotel-app/internal/render/render.go:64.16,67.3 2 0
github.com/raymondchr/go-hotel-app/internal/render/render.go:72.67,77.16 3 1
github.com/raymondchr/go-hotel-app/internal/render/render.go:83.2,83.29 1 1
github.com/raymondchr/go-hotel-app/internal/render/render.go:105.2,105.21 1 1
github.com/raymondchr/go-hotel-app/internal/render/render.go:77.16,79.3 1 0
github.com/raymondchr/go-hotel-app/internal/render/render.go:83.29,86.17 3 1
github.com/raymondchr/go-hotel-app/internal/render/render.go:90.3,91.17 2 1
github.com/raymondchr/go-hotel-app/internal/render/render.go:95.3,95.23 1 1
github.com/raymondchr/go-hotel-app/internal/render/render.go:102.3,102.30 1 1
github.com/raymondchr/go-hotel-app/internal/render/render.go:86.17,88.4 1 0
github.com/raymondchr/go-hotel-app/internal/render/render.go:91.17,93.4 1 0
github.com/raymondchr/go-hotel-app/internal/render/render.go:95.23,97.18 2 1
github.com/raymondchr/go-hotel-app/internal/render/render.go:97.18,99.5 1 0
