mode: set
github.com/raymondchr/go-hotel-app/internal/handlers/handlers.go:22.47,26.2 1 1
github.com/raymondchr/go-hotel-app/internal/handlers/handlers.go:29.33,31.2 1 1
github.com/raymondchr/go-hotel-app/internal/handlers/handlers.go:33.67,38.2 3 1
github.com/raymondchr/go-hotel-app/internal/handlers/handlers.go:40.68,50.2 5 1
github.com/raymondchr/go-hotel-app/internal/handlers/handlers.go:52.74,62.2 4 1
github.com/raymondchr/go-hotel-app/internal/handlers/handlers.go:64.78,66.16 2 1
github.com/raymondchr/go-hotel-app/internal/handlers/handlers.go:71.2,86.18 6 1
github.com/raymondchr/go-hotel-app/internal/handlers/handlers.go:97.2,99.64 2 1
github.com/raymondchr/go-hotel-app/internal/handlers/handlers.go:66.16,69.3 2 0
github.com/raymondchr/go-hotel-app/internal/handlers/handlers.go:86.18,95.3 4 0
github.com/raymondchr/go-hotel-app/internal/handlers/handlers.go:102.69,104.2 1 1
github.com/raymondchr/go-hotel-app/internal/handlers/handlers.go:106.71,108.2 1 1
github.com/raymondchr/go-hotel-app/internal/handlers/handlers.go:110.75,112.2 1 1
github.com/raymondchr/go-hotel-app/internal/handlers/handlers.go:114.79,119.2 3 1
github.com/raymondchr/go-hotel-app/internal/handlers/handlers.go:126.79,133.15 3 1
github.com/raymondchr/go-hotel-app/internal/handlers/handlers.go:137.2,138.14 2 1
github.com/raymondchr/go-hotel-app/internal/handlers/handlers.go:133.15,135.3 1 0
github.com/raymondchr/go-hotel-app/internal/handlers/handlers.go:141.70,143.2 1 1
github.com/raymondchr/go-hotel-app/internal/handlers/handlers.go:145.81,148.9 2 1
github.com/raymondchr/go-hotel-app/internal/handlers/handlers.go:155.2,162.4 4 0
github.com/raymondchr/go-hotel-app/internal/handlers/handlers.go:148.9,153.3 4 1
